#-----------------------------------------------------------
# Vivado v2016.3 (64-bit)
# SW Build 1682563 on Mon Oct 10 19:07:27 MDT 2016
# IP Build 1681267 on Mon Oct 10 21:28:31 MDT 2016
# Start of session at: Sat Dec 10 00:05:15 2016
# Process ID: 3828
# Current directory: D:/Users/James/Box Sync/School/CMPEN 331/frazier_lab
# Command line: vivado.exe -gui_launcher_event rodinguilauncherevent11360 D:\Users\James\Box Sync\School\CMPEN 331\frazier_lab\frazier_lab.xpr
# Log file: D:/Users/James/Box Sync/School/CMPEN 331/frazier_lab/vivado.log
# Journal file: D:/Users/James/Box Sync/School/CMPEN 331/frazier_lab\vivado.jou
#-----------------------------------------------------------
start_gui
open_project {D:/Users/James/Box Sync/School/CMPEN 331/frazier_lab/frazier_lab.xpr}
Scanning sources...
Finished scanning sources
INFO: [IP_Flow 19-234] Refreshing IP repositories
INFO: [IP_Flow 19-1704] No user IP repositories specified
INFO: [IP_Flow 19-2313] Loaded Vivado IP repository 'D:/Xilinx/Vivado/2016.3/data/ip'.
open_project: Time (s): cpu = 00:00:06 ; elapsed = 00:00:06 . Memory (MB): peak = 824.922 ; gain = 131.148
exit
INFO: [Common 17-206] Exiting Vivado at Sat Dec 10 00:22:59 2016...
